# JRE version: OpenJDK Runtime Environment (8.0_152-b01) (build 1.8.0_152-release-1248-b01)
# Java VM: OpenJDK 64-Bit Server VM (25.152-b01 mixed mode windows-amd64 compressed oops)
Heap:
 PSYoungGen      total 147456K, used 39731K [0x00000000e0000000, 0x00000000eaa00000, 0x0000000100000000)
  eden space 132096K, 30% used [0x00000000e0000000,0x00000000e26ccfa8,0x00000000e8100000)
  from space 15360K, 0% used [0x00000000e9100000,0x00000000e9100000,0x00000000ea000000)
  to   space 16384K, 0% used [0x00000000e8100000,0x00000000e8100000,0x00000000e9100000)
 ParOldGen       total 123904K, used 41737K [0x00000000a0000000, 0x00000000a7900000, 0x00000000e0000000)
  object space 123904K, 33% used [0x00000000a0000000,0x00000000a28c26d0,0x00000000a7900000)
 Metaspace       used 60162K, capacity 62340K, committed 62680K, reserved 1103872K
  class space    used 8089K, capacity 8679K, committed 8704K, reserved 1048576K
GC Heap History (10 events):
Event: 48.704 GC heap before
{Heap before GC invocations=11 (full 2):
 PSYoungGen      total 71168K, used 71136K [0x00000000e0000000, 0x00000000e5280000, 0x0000000100000000)
  eden space 59904K, 100% used [0x00000000e0000000,0x00000000e3a80000,0x00000000e3a80000)
  from space 11264K, 99% used [0x00000000e4680000,0x00000000e51780e8,0x00000000e5180000)
  to   space 12288K, 0% used [0x00000000e3a80000,0x00000000e3a80000,0x00000000e4680000)
 ParOldGen       total 80384K, used 17411K [0x00000000a0000000, 0x00000000a4e80000, 0x00000000e0000000)
  object space 80384K, 21% used [0x00000000a0000000,0x00000000a1100c98,0x00000000a4e80000)
 Metaspace       used 48165K, capacity 49142K, committed 49496K, reserved 1091584K
  class space    used 6567K, capacity 6952K, committed 7040K, reserved 1048576K
Event: 48.732 GC heap after
Heap after GC invocations=11 (full 2):
 PSYoungGen      total 72192K, used 12262K [0x00000000e0000000, 0x00000000e7580000, 0x0000000100000000)
  eden space 59904K, 0% used [0x00000000e0000000,0x00000000e0000000,0x00000000e3a80000)
  from space 12288K, 99% used [0x00000000e3a80000,0x00000000e4679bc8,0x00000000e4680000)
  to   space 15360K, 0% used [0x00000000e6680000,0x00000000e6680000,0x00000000e7580000)
 ParOldGen       total 80384K, used 22413K [0x00000000a0000000, 0x00000000a4e80000, 0x00000000e0000000)
  object space 80384K, 27% used [0x00000000a0000000,0x00000000a15e3658,0x00000000a4e80000)
 Metaspace       used 48165K, capacity 49142K, committed 49496K, reserved 1091584K
  class space    used 6567K, capacity 6952K, committed 7040K, reserved 1048576K
}
Event: 50.443 GC heap before
{Heap before GC invocations=12 (full 2):
 PSYoungGen      total 72192K, used 72166K [0x00000000e0000000, 0x00000000e7580000, 0x0000000100000000)
  eden space 59904K, 100% used [0x00000000e0000000,0x00000000e3a80000,0x00000000e3a80000)
  from space 12288K, 99% used [0x00000000e3a80000,0x00000000e4679bc8,0x00000000e4680000)
  to   space 15360K, 0% used [0x00000000e6680000,0x00000000e6680000,0x00000000e7580000)
 ParOldGen       total 80384K, used 22413K [0x00000000a0000000, 0x00000000a4e80000, 0x00000000e0000000)
  object space 80384K, 27% used [0x00000000a0000000,0x00000000a15e3658,0x00000000a4e80000)
 Metaspace       used 52756K, capacity 54232K, committed 54360K, reserved 1095680K
  class space    used 7225K, capacity 7705K, committed 7808K, reserved 1048576K
Event: 50.459 GC heap after
Heap after GC invocations=12 (full 2):
 PSYoungGen      total 104960K, used 8499K [0x00000000e0000000, 0x00000000e7580000, 0x0000000100000000)
  eden space 89600K, 0% used [0x00000000e0000000,0x00000000e0000000,0x00000000e5780000)
  from space 15360K, 55% used [0x00000000e6680000,0x00000000e6eccc88,0x00000000e7580000)
  to   space 15360K, 0% used [0x00000000e5780000,0x00000000e5780000,0x00000000e6680000)
 ParOldGen       total 80384K, used 31864K [0x00000000a0000000, 0x00000000a4e80000, 0x00000000e0000000)
  object space 80384K, 39% used [0x00000000a0000000,0x00000000a1f1e198,0x00000000a4e80000)
 Metaspace       used 52756K, capacity 54232K, committed 54360K, reserved 1095680K
  class space    used 7225K, capacity 7705K, committed 7808K, reserved 1048576K
}
Event: 58.257 GC heap before
{Heap before GC invocations=13 (full 2):
 PSYoungGen      total 104960K, used 98099K [0x00000000e0000000, 0x00000000e7580000, 0x0000000100000000)
  eden space 89600K, 100% used [0x00000000e0000000,0x00000000e5780000,0x00000000e5780000)
  from space 15360K, 55% used [0x00000000e6680000,0x00000000e6eccc88,0x00000000e7580000)
  to   space 15360K, 0% used [0x00000000e5780000,0x00000000e5780000,0x00000000e6680000)
 ParOldGen       total 80384K, used 31864K [0x00000000a0000000, 0x00000000a4e80000, 0x00000000e0000000)
  object space 80384K, 39% used [0x00000000a0000000,0x00000000a1f1e198,0x00000000a4e80000)
 Metaspace       used 56162K, capacity 58302K, committed 58456K, reserved 1099776K
  class space    used 7711K, capacity 8320K, committed 8320K, reserved 1048576K
Event: 58.327 GC heap after
Heap after GC invocations=13 (full 2):
 PSYoungGen      total 104960K, used 12352K [0x00000000e0000000, 0x00000000ea000000, 0x0000000100000000)
  eden space 89600K, 0% used [0x00000000e0000000,0x00000000e0000000,0x00000000e5780000)
  from space 15360K, 80% used [0x00000000e5780000,0x00000000e6390030,0x00000000e6680000)
  to   space 15360K, 0% used [0x00000000e9100000,0x00000000e9100000,0x00000000ea000000)
 ParOldGen       total 80384K, used 36988K [0x00000000a0000000, 0x00000000a4e80000, 0x00000000e0000000)
  object space 80384K, 46% used [0x00000000a0000000,0x00000000a241f350,0x00000000a4e80000)
 Metaspace       used 56162K, capacity 58302K, committed 58456K, reserved 1099776K
  class space    used 7711K, capacity 8320K, committed 8320K, reserved 1048576K
}
Event: 59.049 GC heap before
{Heap before GC invocations=14 (full 2):
 PSYoungGen      total 104960K, used 20558K [0x00000000e0000000, 0x00000000ea000000, 0x0000000100000000)
  eden space 89600K, 9% used [0x00000000e0000000,0x00000000e0803858,0x00000000e5780000)
  from space 15360K, 80% used [0x00000000e5780000,0x00000000e6390030,0x00000000e6680000)
  to   space 15360K, 0% used [0x00000000e9100000,0x00000000e9100000,0x00000000ea000000)
 ParOldGen       total 80384K, used 36988K [0x00000000a0000000, 0x00000000a4e80000, 0x00000000e0000000)
  object space 80384K, 46% used [0x00000000a0000000,0x00000000a241f350,0x00000000a4e80000)
 Metaspace       used 56879K, capacity 58974K, committed 59028K, reserved 1099776K
  class space    used 7824K, capacity 8416K, committed 8448K, reserved 1048576K
Event: 59.186 GC heap after
Heap after GC invocations=14 (full 2):
 PSYoungGen      total 147456K, used 1170K [0x00000000e0000000, 0x00000000eaa00000, 0x0000000100000000)
  eden space 132096K, 0% used [0x00000000e0000000,0x00000000e0000000,0x00000000e8100000)
  from space 15360K, 7% used [0x00000000e9100000,0x00000000e9224a10,0x00000000ea000000)
  to   space 16384K, 0% used [0x00000000e8100000,0x00000000e8100000,0x00000000e9100000)
 ParOldGen       total 80384K, used 47637K [0x00000000a0000000, 0x00000000a4e80000, 0x00000000e0000000)
  object space 80384K, 59% used [0x00000000a0000000,0x00000000a2e85410,0x00000000a4e80000)
 Metaspace       used 56879K, capacity 58974K, committed 59028K, reserved 1099776K
  class space    used 7824K, capacity 8416K, committed 8448K, reserved 1048576K
}
Event: 59.186 GC heap before
{Heap before GC invocations=15 (full 3):
 PSYoungGen      total 147456K, used 1170K [0x00000000e0000000, 0x00000000eaa00000, 0x0000000100000000)
  eden space 132096K, 0% used [0x00000000e0000000,0x00000000e0000000,0x00000000e8100000)
  from space 15360K, 7% used [0x00000000e9100000,0x00000000e9224a10,0x00000000ea000000)
  to   space 16384K, 0% used [0x00000000e8100000,0x00000000e8100000,0x00000000e9100000)
 ParOldGen       total 80384K, used 47637K [0x00000000a0000000, 0x00000000a4e80000, 0x00000000e0000000)
  object space 80384K, 59% used [0x00000000a0000000,0x00000000a2e85410,0x00000000a4e80000)
 Metaspace       used 56879K, capacity 58974K, committed 59028K, reserved 1099776K
  class space    used 7824K, capacity 8416K, committed 8448K, reserved 1048576K
Event: 59.781 GC heap after
Heap after GC invocations=15 (full 3):
 PSYoungGen      total 147456K, used 0K [0x00000000e0000000, 0x00000000eaa00000, 0x0000000100000000)
  eden space 132096K, 0% used [0x00000000e0000000,0x00000000e0000000,0x00000000e8100000)
  from space 15360K, 0% used [0x00000000e9100000,0x00000000e9100000,0x00000000ea000000)
  to   space 16384K, 0% used [0x00000000e8100000,0x00000000e8100000,0x00000000e9100000)
 ParOldGen       total 123904K, used 41737K [0x00000000a0000000, 0x00000000a7900000, 0x00000000e0000000)
  object space 123904K, 33% used [0x00000000a0000000,0x00000000a28c26d0,0x00000000a7900000)
 Metaspace       used 56879K, capacity 58974K, committed 59028K, reserved 1099776K
  class space    used 7824K, capacity 8416K, committed 8448K, reserved 1048576K
}

